uploaded_files\78/69/EP-2677869-A1.xml | DID not created
uploaded_files\78/69/EP-2677869-A1.xml | DID not created
uploaded_files\78/69/EP-2677869-A1.xml | DID not created
uploaded_files\78/69/EP-2677869-A1.xml | DID not created
uploaded_files\78/69/EP-2677869-A1.xml | DID not created
uploaded_files\78/69/EP-2677869-A1.xml | DID not created
uploaded_files\78/69/EP-2677869-A1.xml | DID not created
uploaded_files\78/69/EP-2677869-A1.xml | DID not created
uploaded_files\83/52/EP-2678352-A1.xml | DID not created
uploaded_files\83/49/EP-2678349-A1.xml | DID not created
uploaded_files\83/42/EP-2678342-A1.xml | DID not created
uploaded_files\83/41/EP-2678341-A1.xml | DID not created
uploaded_files\83/38/EP-2678338-A1.xml | DID not created
uploaded_files\83/36/EP-2678336-A1.xml | DID not created
uploaded_files\83/34/EP-2678334-A1.xml | DID not created
uploaded_files\83/29/EP-2678329-A1.xml | DID not created
uploaded_files\83/27/EP-2678327-A1.xml | DID not created
uploaded_files\83/18/EP-2678318-A1.xml | DID not created
uploaded_files\83/17/EP-2678317-A1.xml | DID not created
uploaded_files\78/69/EP-2677869-A1.xml | DID not created
uploaded_files\78/69/EP-2677869-A1.xml | DID not created
uploaded_files\78/69/EP-2677869-A1.xml | DID not created
uploaded_files\78/69/EP-2677869-A1.xml | DID not created
uploaded_files\78/69/EP-2677869-A1.xml | DID not created
uploaded_files\82/89/EP-2678289-A1.xml | DID not created
uploaded_files\82/89/EP-2678289-A1.xml | DID not created
uploaded_files\82/89/EP-2678289-A1.xml | DID not created
uploaded_files\78/69/EP-2677869-A1.xml | DID not created
uploaded_files\78/69/EP-2677869-A1.xml | DID not created
uploaded_files\20140101\20140101\A1\000002\67\78\69\EP-2677869-A1.xml | DID not created
uploaded_files\20140101\20140101\A1\000002\67\80\18\EP-2678018-A1.xml | DID not created
uploaded_files\20140101\20140101\A1\000002\67\80\38\EP-2678038-A1.xml | DID not created
uploaded_files\20140101\20140101\A1\000002\67\82\89\EP-2678289-A1.xml | DID not created
uploaded_files\20140101\20140101\A1\000002\67\83\17\EP-2678317-A1.xml | DID not created
uploaded_files\20140101\20140101\A1\000002\67\83\18\EP-2678318-A1.xml | DID not created
uploaded_files\20140101\20140101\A1\000002\67\83\27\EP-2678327-A1.xml | DID not created
uploaded_files\20140101\20140101\A1\000002\67\83\29\EP-2678329-A1.xml | DID not created
uploaded_files\20140101\20140101\A1\000002\67\83\34\EP-2678334-A1.xml | DID not created
uploaded_files\20140101\20140101\A1\000002\67\83\36\EP-2678336-A1.xml | DID not created
uploaded_files\20140101\20140101\A1\000002\67\83\38\EP-2678338-A1.xml | DID not created
uploaded_files\20140101\20140101\A1\000002\67\83\41\EP-2678341-A1.xml | DID not created
uploaded_files\20140101\20140101\A1\000002\67\83\42\EP-2678342-A1.xml | DID not created
uploaded_files\20140101\20140101\A1\000002\67\83\49\EP-2678349-A1.xml | DID not created
uploaded_files\20140101\20140101\A1\000002\67\83\52\EP-2678352-A1.xml | DID not created
uploaded_files\20140101\20140101\A1\000002\67\84\10\EP-2678410-A1.xml | DID not created
uploaded_files\20140101\20140101\A1\000002\67\84\20\EP-2678420-A1.xml | DID not created
uploaded_files\20140101\20140101\A1\000002\67\84\48\EP-2678448-A1.xml | DID not created
uploaded_files\20140101\20140101\A1\000002\67\84\92\EP-2678492-A1.xml | DID not created
uploaded_files\20140101\20140101\A1\000002\67\86\75\EP-2678675-A1.xml | DID not created
uploaded_files\20140101\20140101\A1\000002\67\87\26\EP-2678726-A1.xml | DID not created
uploaded_files\20140101\20140101\A1\000002\67\88\12\EP-2678812-A1.xml | DID not created
uploaded_files\20140101\20140101\A1\000002\67\91\16\EP-2679116-A1.xml | DID not created
uploaded_files\20140101\20140101\A1\000002\67\93\88\EP-2679388-A1.xml | DID not created
uploaded_files\20140101\20140101\A1\000002\67\95\75\EP-2679575-A1.xml | DID not created
uploaded_files\20140101\20140101\A1\000002\67\95\83\EP-2679583-A1.xml | DID not created
uploaded_files\20140101\20140101\A1\000002\67\95\99\EP-2679599-A1.xml | DID not created
uploaded_files\20140101\20140101\A1\000002\67\96\00\EP-2679600-A1.xml | DID not created
uploaded_files\20140101\20140101\A1\000002\67\96\28\EP-2679628-A1.xml | DID not created
uploaded_files\20140101\20140101\A1\000002\67\96\29\EP-2679629-A1.xml | DID not created
uploaded_files\20140101\20140101\A1\000002\67\96\45\EP-2679645-A1.xml | DID not created
uploaded_files\20140101\20140101\A1\000002\67\96\78\EP-2679678-A1.xml | DID not created
uploaded_files\20140101\20140101\A1\000002\67\99\95\EP-2679995-A1.xml | DID not created
uploaded_files\20140101\20140101\A1\000002\67\99\96\EP-2679996-A1.xml | DID not created
uploaded_files\20140101\20140101\A1\000002\68\01\59\EP-2680159-A1.xml | DID not created
uploaded_files\20140101\20140101\A1\000002\68\01\60\EP-2680160-A1.xml | DID not created
uploaded_files\20140101\20140101\A1\000002\68\01\61\EP-2680161-A1.xml | DID not created
uploaded_files\20140101\20140101\A1\000002\68\01\62\EP-2680162-A1.xml | DID not created
uploaded_files\20140101\20140101\A1\000002\68\02\36\EP-2680236-A1.xml | DID not created
uploaded_files\20140101\20140101\A1\000002\68\04\46\EP-2680446-A1.xml | DID not created
uploaded_files\20140101\20140101\A1\000002\68\04\47\EP-2680447-A1.xml | DID not created
uploaded_files\20140101\20140101\A1\000002\68\04\48\EP-2680448-A1.xml | DID not created
uploaded_files\20140101\20140101\A1\000002\68\04\73\EP-2680473-A1.xml | DID not created
uploaded_files\20140101\20140101\A1\000002\68\04\88\EP-2680488-A1.xml | DID not created
uploaded_files\20140101\20140101\A1\000002\68\06\72\EP-2680672-A1.xml | DID not created
uploaded_files\20140101\20140101\A2\000002\67\78\59\EP-2677859-A2.xml | DID not created
uploaded_files\20140101\20140101\A2\000002\67\80\02\EP-2678002-A2.xml | DID not created
uploaded_files\20140101\20140101\A2\000002\67\80\16\EP-2678016-A2.xml | DID not created
uploaded_files\20140101\20140101\A2\000002\67\80\22\EP-2678022-A2.xml | DID not created
uploaded_files\20140101\20140101\A2\000002\67\80\28\EP-2678028-A2.xml | DID not created
uploaded_files\20140101\20140101\A2\000002\67\82\40\EP-2678240-A2.xml | DID not created
uploaded_files\20140101\20140101\A2\000002\67\87\92\EP-2678792-A2.xml | DID not created
uploaded_files\20140101\20140101\A2\000002\67\90\13\EP-2679013-A2.xml | DID not created
uploaded_files\20140101\20140101\A2\000002\67\92\34\EP-2679234-A2.xml | DID not created
uploaded_files\20140101\20140101\A2\000002\67\94\82\EP-2679482-A2.xml | DID not created
uploaded_files\20140101\20140101\A2\000002\68\05\85\EP-2680585-A2.xml | DID not created
uploaded_files\20140101\20140101\B1\000001\93\11\55\EP-1931155-B1.xml | DID not created
uploaded_files\20140101\20140101\B1\000001\93\28\41\EP-1932841-B1.xml | DID not created
uploaded_files\20140101\20140101\B1\000002\00\97\31\EP-2009731-B1.xml | DID not created
uploaded_files\20140101\20140101\B1\000002\15\83\28\EP-2158328-B1.xml | DID not created
uploaded_files\20140101\20140101\B1\000002\19\31\19\EP-2193119-B1.xml | DID not created
uploaded_files\20140101\20140101\B1\000002\28\09\75\EP-2280975-B1.xml | DID not created
uploaded_files\20140101\20140101\B1\000002\33\61\32\EP-2336132-B1.xml | DID not created
uploaded_files\20140101\20140101\B1\000002\34\99\96\EP-2349996-B1.xml | DID not created
uploaded_files\20140101\20140101\B1\000002\35\23\76\EP-2352376-B1.xml | DID not created
uploaded_files\20140101\20140101\B1\000002\35\86\56\EP-2358656-B1.xml | DID not created
uploaded_files\20140101\20140101\B1\000002\40\87\61\EP-2408761-B1.xml | DID not created
uploaded_files\20140101\20140101\B1\000002\42\18\25\EP-2421825-B1.xml | DID not created
uploaded_files\20140101\20140101\B1\000002\44\85\85\EP-2448585-B1.xml | DID not created
uploaded_files\20140101\20140101\B1\000002\57\41\89\EP-2574189-B1.xml | DID not created
uploaded_files\A1\A1\000002\95\85\57\EP-2958557-A1.xml | DID not created
uploaded_files\A1\A1\000002\95\85\62\EP-2958562-A1.xml | DID not created
uploaded_files\A1\A1\000002\95\85\74\EP-2958574-A1.xml | DID not created
uploaded_files\A1\A1\000002\95\85\75\EP-2958575-A1.xml | DID not created
uploaded_files\A1\A1\000002\95\85\79\EP-2958579-A1.xml | DID not created
uploaded_files\A1\A1\000002\95\85\88\EP-2958588-A1.xml | DID not created
uploaded_files\A1\A1\000002\95\85\90\EP-2958590-A1.xml | DID not created
uploaded_files\A1\A1\000002\95\86\70\EP-2958670-A1.xml | DID not created
uploaded_files\A1\A1\000002\95\88\81\EP-2958881-A1.xml | DID not created
uploaded_files\A1\A1\000002\95\88\89\EP-2958889-A1.xml | DID not created
uploaded_files\A1\A1\000002\95\88\95\EP-2958895-A1.xml | DID not created
uploaded_files\A1\A1\000002\95\88\98\EP-2958898-A1.xml | DID not created
uploaded_files\A1\A1\000002\95\89\02\EP-2958902-A1.xml | DID not created
uploaded_files\A1\A1\000002\95\89\07\EP-2958907-A1.xml | DID not created
uploaded_files\A1\A1\000002\95\89\08\EP-2958908-A1.xml | DID not created
uploaded_files\A1\A1\000002\95\89\13\EP-2958913-A1.xml | DID not created
uploaded_files\A1\A1\000002\95\89\20\EP-2958920-A1.xml | DID not created
uploaded_files\A1\A1\000002\95\89\36\EP-2958936-A1.xml | DID not created
uploaded_files\A1\A1\000002\95\89\42\EP-2958942-A1.xml | DID not created
uploaded_files\A1\A1\000002\95\89\43\EP-2958943-A1.xml | DID not created
uploaded_files\A1\A1\000002\95\89\45\EP-2958945-A1.xml | DID not created
uploaded_files\A1\A1\000002\95\89\54\EP-2958954-A1.xml | DID not created
uploaded_files\A1\A1\000002\95\89\90\EP-2958990-A1.xml | DID not created
uploaded_files\A1\A1\000002\95\89\99\EP-2958999-A1.xml | DID not created
uploaded_files\A1\A1\000002\95\90\03\EP-2959003-A1.xml | DID not created
uploaded_files\A1\A1\000002\95\90\16\EP-2959016-A1.xml | DID not created
uploaded_files\A1\A1\000002\95\90\29\EP-2959029-A1.xml | DID not created
uploaded_files\A1\A1\000002\95\97\08\EP-2959708-A1.xml | DID not created
uploaded_files\A1\A1\000002\95\97\74\EP-2959774-A1.xml | DID not created
uploaded_files\A1\A1\000002\95\97\75\EP-2959775-A1.xml | DID not created
uploaded_files\A1\A1\000002\95\98\48\EP-2959848-A1.xml | DID not created
uploaded_files\A1\A1\000002\95\98\98\EP-2959898-A1.xml | DID not created
uploaded_files\A1\A1\000002\95\99\16\EP-2959916-A1.xml | DID not created
uploaded_files\A1\A1\000002\96\02\04\EP-2960204-A1.xml | DID not created
uploaded_files\A1\A1\000002\96\02\34\EP-2960234-A1.xml | DID not created
uploaded_files\A1\A1\000002\96\02\38\EP-2960238-A1.xml | DID not created
uploaded_files\A1\A1\000002\96\02\51\EP-2960251-A1.xml | DID not created
uploaded_files\A1\A1\000002\96\02\53\EP-2960253-A1.xml | DID not created
uploaded_files\A1\A1\000002\96\03\16\EP-2960316-A1.xml | DID not created
uploaded_files\A1\A1\000002\96\03\34\EP-2960334-A1.xml | DID not created
uploaded_files\A1\A1\000002\96\03\35\EP-2960335-A1.xml | DID not created
uploaded_files\A1\A1\000002\96\03\42\EP-2960342-A1.xml | DID not created
uploaded_files\A1\A1\000002\96\08\97\EP-2960897-A1.xml | DID not created
uploaded_files\A1\A1\000002\96\10\73\EP-2961073-A1.xml | DID not created
uploaded_files\A1\A1\000002\96\11\85\EP-2961185-A1.xml | DID not created
uploaded_files\A1\A1\000002\96\11\86\EP-2961186-A1.xml | DID not created
uploaded_files\A1\A1\000002\96\11\88\EP-2961188-A1.xml | DID not created
uploaded_files\A1\A1\000002\96\11\90\EP-2961190-A1.xml | DID not created
uploaded_files\A1\A1\000002\96\11\91\EP-2961191-A1.xml | DID not created
uploaded_files\A1\A1\000002\95\85\57\EP-2958557-A1.xml | DID not created
uploaded_files\A1\A1\000002\95\85\62\EP-2958562-A1.xml | DID not created
uploaded_files\A1\A1\000002\95\85\74\EP-2958574-A1.xml | DID not created
uploaded_files\A1\A1\000002\95\85\75\EP-2958575-A1.xml | DID not created
uploaded_files\A1\A1\000002\95\85\79\EP-2958579-A1.xml | DID not created
uploaded_files\A1\A1\000002\95\85\88\EP-2958588-A1.xml | DID not created
uploaded_files\A1\A1\000002\95\85\57\EP-2958557-A1.xml | DID not created
uploaded_files\A1\A1\000002\95\85\62\EP-2958562-A1.xml | DID not created
uploaded_files\A1\A1\000002\95\85\74\EP-2958574-A1.xml | DID not created
uploaded_files\A1\A1\000002\95\85\75\EP-2958575-A1.xml | DID not created
uploaded_files\A1\A1\000002\95\85\79\EP-2958579-A1.xml | DID not created
uploaded_files\A1\A1\000002\95\85\88\EP-2958588-A1.xml | DID not created
uploaded_files\A1\A1\000002\95\85\90\EP-2958590-A1.xml | DID not created
uploaded_files\A1\A1\000002\95\86\70\EP-2958670-A1.xml | DID not created
uploaded_files\A1\A1\000002\95\88\81\EP-2958881-A1.xml | DID not created
uploaded_files\A1\A1\000002\95\88\89\EP-2958889-A1.xml | DID not created
uploaded_files\A1\A1\000002\95\88\95\EP-2958895-A1.xml | DID not created
uploaded_files\A1\A1\000002\95\88\98\EP-2958898-A1.xml | DID not created
uploaded_files\A1\A1\000002\95\89\02\EP-2958902-A1.xml | DID not created
uploaded_files\A1\A1\000002\95\89\07\EP-2958907-A1.xml | DID not created
uploaded_files\A1\A1\000002\95\89\08\EP-2958908-A1.xml | DID not created
uploaded_files\A1\A1\000002\95\89\13\EP-2958913-A1.xml | DID not created
uploaded_files\A1\A1\000002\95\89\20\EP-2958920-A1.xml | DID not created
uploaded_files\A1\A1\000002\95\89\36\EP-2958936-A1.xml | DID not created
uploaded_files\A1\A1\000002\95\89\42\EP-2958942-A1.xml | DID not created
uploaded_files\A1\A1\000002\95\89\43\EP-2958943-A1.xml | DID not created
uploaded_files\A1\A1\000002\95\89\45\EP-2958945-A1.xml | DID not created
uploaded_files\A1\A1\000002\95\89\54\EP-2958954-A1.xml | DID not created
uploaded_files\A1\A1\000002\95\89\90\EP-2958990-A1.xml | DID not created
uploaded_files\A1\A1\000002\95\89\99\EP-2958999-A1.xml | DID not created
uploaded_files\A1\A1\000002\95\90\03\EP-2959003-A1.xml | DID not created
uploaded_files\A1\A1\000002\95\90\16\EP-2959016-A1.xml | DID not created
uploaded_files\A1\A1\000002\95\90\29\EP-2959029-A1.xml | DID not created
uploaded_files\A1\A1\000002\95\85\57\EP-2958557-A1.xml | DID not created
uploaded_files\A1\A1\000002\95\85\62\EP-2958562-A1.xml | DID not created
uploaded_files\A1\A1\000002\95\85\74\EP-2958574-A1.xml | DID not created
uploaded_files\A1\A1\000002\95\85\75\EP-2958575-A1.xml | DID not created
uploaded_files\A1\A1\000002\95\85\79\EP-2958579-A1.xml | DID not created
uploaded_files\A1\A1\000002\95\85\88\EP-2958588-A1.xml | DID not created
uploaded_files\A1\A1\000002\95\85\90\EP-2958590-A1.xml | DID not created
uploaded_files\A1\A1\000002\95\86\70\EP-2958670-A1.xml | DID not created
uploaded_files\A1\A1\000002\95\88\81\EP-2958881-A1.xml | DID not created
uploaded_files\A1\A1\000002\95\88\89\EP-2958889-A1.xml | DID not created
uploaded_files\A1\A1\000002\95\88\95\EP-2958895-A1.xml | DID not created
uploaded_files\A1\A1\000002\95\88\98\EP-2958898-A1.xml | DID not created
uploaded_files\A1\A1\000002\95\89\02\EP-2958902-A1.xml | DID not created
uploaded_files\A1\A1\000002\95\89\07\EP-2958907-A1.xml | DID not created
uploaded_files\A1\A1\000002\95\89\08\EP-2958908-A1.xml | DID not created
uploaded_files\A1\A1\000002\95\89\13\EP-2958913-A1.xml | DID not created
uploaded_files\A1\A1\000002\95\89\20\EP-2958920-A1.xml | DID not created
uploaded_files\A1\A1\000002\95\89\36\EP-2958936-A1.xml | DID not created
uploaded_files\A1\A1\000002\95\89\42\EP-2958942-A1.xml | DID not created
uploaded_files\A1\A1\000002\95\89\43\EP-2958943-A1.xml | DID not created
uploaded_files\A1\A1\000002\95\89\45\EP-2958945-A1.xml | DID not created
uploaded_files\A1\A1\000002\95\89\54\EP-2958954-A1.xml | DID not created
uploaded_files\A1\A1\000002\95\89\90\EP-2958990-A1.xml | DID not created
uploaded_files\A1\A1\000002\95\89\99\EP-2958999-A1.xml | DID not created
uploaded_files\A1\A1\000002\95\90\03\EP-2959003-A1.xml | DID not created
uploaded_files\A1\A1\000002\95\90\16\EP-2959016-A1.xml | DID not created
uploaded_files\A1\A1\000002\95\90\29\EP-2959029-A1.xml | DID not created
uploaded_files\A1\A1\000002\95\90\91\EP-2959091-A1.xml | Processing Error: 1452 (23000): Cannot add or update a child row: a foreign key constraint fails (`epdatabase`.`classification`, CONSTRAINT `classification_ibfk_1` FOREIGN KEY (`DID`) REFERENCES `document` (`DID`) ON DELETE CASCADE ON UPDATE CASCADE)
uploaded_files\A1\A1\000002\95\85\57\EP-2958557-A1.xml | DID not created
uploaded_files\A1\A1\000002\95\85\62\EP-2958562-A1.xml | DID not created
uploaded_files\A1\A1\000002\95\85\57\EP-2958557-A1.xml | DID not created
uploaded_files\A1\A1\000002\95\85\62\EP-2958562-A1.xml | DID not created
uploaded_files\A1\A1\000002\95\85\74\EP-2958574-A1.xml | DID not created
uploaded_files\A1\A1\000002\95\85\75\EP-2958575-A1.xml | DID not created
uploaded_files\A1\A1\000002\95\85\79\EP-2958579-A1.xml | DID not created
uploaded_files\A1\A1\000002\95\85\88\EP-2958588-A1.xml | DID not created
uploaded_files\A1\A1\000002\95\85\90\EP-2958590-A1.xml | DID not created
uploaded_files\20140101\20140101\A1\000002\67\78\69\EP-2677869-A1.xml | DID not created
uploaded_files\20140101\20140101\A1\000002\67\80\18\EP-2678018-A1.xml | DID not created
uploaded_files\20140101\20140101\A1\000002\67\80\38\EP-2678038-A1.xml | DID not created
uploaded_files\20140101\20140101\A1\000002\67\82\89\EP-2678289-A1.xml | DID not created
uploaded_files\20140101\20140101\A1\000002\67\83\17\EP-2678317-A1.xml | DID not created
uploaded_files\20140101\20140101\A1\000002\67\83\18\EP-2678318-A1.xml | DID not created
uploaded_files\20140101\20140101\A1\000002\67\83\27\EP-2678327-A1.xml | DID not created
uploaded_files\20140101\20140101\A1\000002\67\83\29\EP-2678329-A1.xml | DID not created
uploaded_files\20140101\20140101\A1\000002\67\83\34\EP-2678334-A1.xml | DID not created
uploaded_files\20140101\20140101\A1\000002\67\83\36\EP-2678336-A1.xml | DID not created
uploaded_files\20140101\20140101\A1\000002\67\83\38\EP-2678338-A1.xml | DID not created
uploaded_files\20140101\20140101\A1\000002\67\83\41\EP-2678341-A1.xml | DID not created
uploaded_files\20140101\20140101\A1\000002\67\83\42\EP-2678342-A1.xml | DID not created
uploaded_files\20140101\20140101\A1\000002\67\83\49\EP-2678349-A1.xml | DID not created
uploaded_files\20140101\20140101\A1\000002\67\83\52\EP-2678352-A1.xml | DID not created
uploaded_files\20140101\20140101\A1\000002\67\84\10\EP-2678410-A1.xml | DID not created
uploaded_files\20140101\20140101\A1\000002\67\84\20\EP-2678420-A1.xml | DID not created
uploaded_files\20140101\20140101\A1\000002\67\84\48\EP-2678448-A1.xml | DID not created
uploaded_files\20140101\20140101\A1\000002\67\84\92\EP-2678492-A1.xml | DID not created
uploaded_files\20140101\20140101\A1\000002\67\86\75\EP-2678675-A1.xml | DID not created
uploaded_files\20140101\20140101\A1\000002\67\87\26\EP-2678726-A1.xml | DID not created
uploaded_files\20140101\20140101\A1\000002\67\88\12\EP-2678812-A1.xml | DID not created
uploaded_files\20140101\20140101\A1\000002\67\91\16\EP-2679116-A1.xml | DID not created
uploaded_files\20140101\20140101\A1\000002\67\93\88\EP-2679388-A1.xml | DID not created
uploaded_files\20140101\20140101\A1\000002\67\95\75\EP-2679575-A1.xml | DID not created
uploaded_files\20140101\20140101\A1\000002\67\95\83\EP-2679583-A1.xml | DID not created
uploaded_files\20140101\20140101\A1\000002\67\95\99\EP-2679599-A1.xml | DID not created
uploaded_files\20140101\20140101\A1\000002\67\96\00\EP-2679600-A1.xml | DID not created
uploaded_files\20140101\20140101\A1\000002\67\96\28\EP-2679628-A1.xml | DID not created
uploaded_files\20140101\20140101\A1\000002\67\96\29\EP-2679629-A1.xml | DID not created
uploaded_files\20140101\20140101\A1\000002\67\96\45\EP-2679645-A1.xml | DID not created
uploaded_files\20140101\20140101\A1\000002\67\96\78\EP-2679678-A1.xml | DID not created
uploaded_files\20140101\20140101\A1\000002\67\99\95\EP-2679995-A1.xml | DID not created
uploaded_files\20140101\20140101\A1\000002\67\99\96\EP-2679996-A1.xml | DID not created
uploaded_files\20140101\20140101\A1\000002\68\01\59\EP-2680159-A1.xml | DID not created
uploaded_files\20140101\20140101\A1\000002\68\01\60\EP-2680160-A1.xml | DID not created
uploaded_files\20140101\20140101\A1\000002\68\01\61\EP-2680161-A1.xml | DID not created
uploaded_files\20140101\20140101\A1\000002\68\01\62\EP-2680162-A1.xml | DID not created
uploaded_files\20140101\20140101\A1\000002\68\02\36\EP-2680236-A1.xml | DID not created
uploaded_files\20140101\20140101\A1\000002\68\04\46\EP-2680446-A1.xml | DID not created
uploaded_files\20140101\20140101\A1\000002\68\04\47\EP-2680447-A1.xml | DID not created
uploaded_files\20140101\20140101\A1\000002\68\04\48\EP-2680448-A1.xml | DID not created
uploaded_files\20140101\20140101\A1\000002\68\04\73\EP-2680473-A1.xml | DID not created
uploaded_files\20140101\20140101\A1\000002\68\04\88\EP-2680488-A1.xml | DID not created
uploaded_files\20140101\20140101\A1\000002\68\06\72\EP-2680672-A1.xml | DID not created
uploaded_files\20140101\20140101\A2\000002\67\78\59\EP-2677859-A2.xml | DID not created
uploaded_files\20140101\20140101\A2\000002\67\80\02\EP-2678002-A2.xml | DID not created
uploaded_files\20140101\20140101\A2\000002\67\80\16\EP-2678016-A2.xml | DID not created
uploaded_files\20140101\20140101\A2\000002\67\80\22\EP-2678022-A2.xml | DID not created
uploaded_files\20140101\20140101\A2\000002\67\80\28\EP-2678028-A2.xml | DID not created
uploaded_files\20140101\20140101\A2\000002\67\82\40\EP-2678240-A2.xml | DID not created
uploaded_files\20140101\20140101\A2\000002\67\87\92\EP-2678792-A2.xml | DID not created
uploaded_files\20140101\20140101\A2\000002\67\90\13\EP-2679013-A2.xml | DID not created
uploaded_files\20140101\20140101\A2\000002\67\92\34\EP-2679234-A2.xml | DID not created
uploaded_files\20140101\20140101\A2\000002\67\94\82\EP-2679482-A2.xml | DID not created
uploaded_files\20140101\20140101\A2\000002\68\05\85\EP-2680585-A2.xml | DID not created
uploaded_files\20140101\20140101\A1\000002\67\78\69\EP-2677869-A1.xml | DID not created
uploaded_files\20140101\20140101\A1\000002\67\80\18\EP-2678018-A1.xml | DID not created
uploaded_files\20140108\20140108\A1\000002\68\07\54\EP-2680754-A1.xml | DID not created
uploaded_files\20140108\20140108\A1\000002\68\08\75\EP-2680875-A1.xml | DID not created
uploaded_files\20140108\20140108\A1\000002\68\08\80\EP-2680880-A1.xml | DID not created
uploaded_files\20140108\20140108\A1\000002\68\08\81\EP-2680881-A1.xml | DID not created
uploaded_files\20140108\20140108\A1\000002\68\09\25\EP-2680925-A1.xml | DID not created
uploaded_files\20140108\20140108\A1\000002\68\11\94\EP-2681194-A1.xml | DID not created
uploaded_files\20140108\20140108\A1\000002\68\11\95\EP-2681195-A1.xml | DID not created
uploaded_files\20140108\20140108\A1\000002\68\11\96\EP-2681196-A1.xml | DID not created
uploaded_files\20140108\20140108\A1\000002\68\12\15\EP-2681215-A1.xml | DID not created
uploaded_files\20140108\20140108\A1\000002\68\12\21\EP-2681221-A1.xml | DID not created
uploaded_files\20140108\20140108\A1\000002\68\12\45\EP-2681245-A1.xml | DID not created
uploaded_files\20140108\20140108\A1\000002\68\12\47\EP-2681247-A1.xml | DID not created
uploaded_files\20140108\20140108\A1\000002\68\12\52\EP-2681252-A1.xml | DID not created
uploaded_files\20140108\20140108\A1\000002\68\13\15\EP-2681315-A1.xml | DID not created
uploaded_files\20140108\20140108\A1\000002\68\13\22\EP-2681322-A1.xml | DID not created
uploaded_files\20140108\20140108\A1\000002\68\13\23\EP-2681323-A1.xml | DID not created
uploaded_files\20140108\20140108\A1\000002\68\13\25\EP-2681325-A1.xml | DID not created
uploaded_files\20140108\20140108\A1\000002\68\13\33\EP-2681333-A1.xml | DID not created
uploaded_files\20140108\20140108\A1\000002\68\13\37\EP-2681337-A1.xml | DID not created
uploaded_files\20140108\20140108\A1\000002\68\15\22\EP-2681522-A1.xml | DID not created
uploaded_files\20140108\20140108\A1\000002\68\16\23\EP-2681623-A1.xml | DID not created
uploaded_files\20140108\20140108\A1\000002\68\16\29\EP-2681629-A1.xml | DID not created
uploaded_files\20140108\20140108\A1\000002\68\16\52\EP-2681652-A1.xml | DID not created
uploaded_files\20140108\20140108\A1\000002\68\23\93\EP-2682393-A1.xml | DID not created
uploaded_files\20140108\20140108\A1\000002\68\24\36\EP-2682436-A1.xml | DID not created
uploaded_files\20140108\20140108\A1\000002\68\28\15\EP-2682815-A1.xml | DID not created
uploaded_files\20140108\20140108\A1\000002\68\28\75\EP-2682875-A1.xml | DID not created
uploaded_files\20140108\20140108\A1\000002\68\28\76\EP-2682876-A1.xml | DID not created
uploaded_files\20140108\20140108\A1\000002\68\31\83\EP-2683183-A1.xml | DID not created
uploaded_files\20140108\20140108\A2\000002\68\07\58\EP-2680758-A2.xml | DID not created
uploaded_files\20140108\20140108\A2\000002\68\08\49\EP-2680849-A2.xml | DID not created
uploaded_files\20140108\20140108\A2\000002\68\08\74\EP-2680874-A2.xml | DID not created
uploaded_files\20140108\20140108\A2\000002\68\08\84\EP-2680884-A2.xml | DID not created
uploaded_files\20140108\20140108\A2\000002\68\11\20\EP-2681120-A2.xml | DID not created
uploaded_files\20140108\20140108\A2\000002\68\11\21\EP-2681121-A2.xml | DID not created
uploaded_files\20140108\20140108\A2\000002\68\11\22\EP-2681122-A2.xml | DID not created
uploaded_files\20140108\20140108\A2\000002\68\12\07\EP-2681207-A2.xml | DID not created
uploaded_files\20140108\20140108\A2\000002\68\12\16\EP-2681216-A2.xml | DID not created
uploaded_files\20140108\20140108\A2\000002\68\12\38\EP-2681238-A2.xml | DID not created
uploaded_files\20140108\20140108\A2\000002\68\12\42\EP-2681242-A2.xml | DID not created
uploaded_files\20140108\20140108\A2\000002\68\13\14\EP-2681314-A2.xml | DID not created
uploaded_files\20140108\20140108\A2\000002\68\13\27\EP-2681327-A2.xml | DID not created
uploaded_files\20140108\20140108\A2\000002\68\15\52\EP-2681552-A2.xml | DID not created
uploaded_files\20140108\20140108\A2\000002\68\16\13\EP-2681613-A2.xml | DID not created
uploaded_files\20140108\20140108\A2\000002\68\16\16\EP-2681616-A2.xml | DID not created
uploaded_files\20140108\20140108\A2\000002\68\16\17\EP-2681617-A2.xml | DID not created
uploaded_files\20140108\20140108\A2\000002\68\17\57\EP-2681757-A2.xml | DID not created
uploaded_files\20140108\20140108\A2\000002\68\20\52\EP-2682052-A2.xml | DID not created
uploaded_files\20140108\20140108\A2\000002\68\23\87\EP-2682387-A2.xml | DID not created
uploaded_files\20140108\20140108\B1\000001\63\86\05\EP-1638605-B1.xml | DID not created
uploaded_files\20140108\20140108\B1\000001\64\84\26\EP-1648426-B1.xml | DID not created
uploaded_files\20140108\20140108\B1\000001\72\52\49\EP-1725249-B1.xml | DID not created
uploaded_files\20140108\20140108\B1\000001\78\74\94\EP-1787494-B1.xml | DID not created
uploaded_files\20140108\20140108\B1\000001\88\19\75\EP-1881975-B1.xml | DID not created
uploaded_files\20140108\20140108\B1\000001\94\86\92\EP-1948692-B1.xml | DID not created
uploaded_files\20140108\20140108\B1\000001\96\24\98\EP-1962498-B1.xml | DID not created
uploaded_files\20140108\20140108\B1\000002\05\95\22\EP-2059522-B1.xml | DID not created
uploaded_files\20140108\20140108\B1\000002\05\95\36\EP-2059536-B1.xml | DID not created
uploaded_files\20140108\20140108\B1\000002\06\30\90\EP-2063090-B1.xml | DID not created
uploaded_files\20140108\20140108\B1\000002\09\41\12\EP-2094112-B1.xml | DID not created
uploaded_files\20140108\20140108\B1\000002\24\98\81\EP-2249881-B1.xml | DID not created
uploaded_files\20140108\20140108\B1\000002\30\98\60\EP-2309860-B1.xml | DID not created
uploaded_files\20140108\20140108\B1\000002\36\87\15\EP-2368715-B1.xml | DID not created
uploaded_files\20140108\20140108\B1\000002\38\66\57\EP-2386657-B1.xml | DID not created
uploaded_files\20140108\20140108\B1\000002\38\66\58\EP-2386658-B1.xml | DID not created
uploaded_files\20140108\20140108\B1\000002\40\50\23\EP-2405023-B1.xml | DID not created
uploaded_files\20140108\20140108\B1\000002\41\28\26\EP-2412826-B1.xml | DID not created
uploaded_files\20140108\20140108\B1\000002\42\33\26\EP-2423326-B1.xml | DID not created
uploaded_files\20140108\20140108\B1\000002\42\33\27\EP-2423327-B1.xml | DID not created
uploaded_files\20140108\20140108\B1\000002\45\54\93\EP-2455493-B1.xml | DID not created
uploaded_files\20140108\20140108\B1\000002\45\75\81\EP-2457581-B1.xml | DID not created
uploaded_files\20140108\20140108\B1\000002\46\21\24\EP-2462124-B1.xml | DID not created
uploaded_files\20140108\20140108\B1\000002\50\40\17\EP-2504017-B1.xml | DID not created
uploaded_files\20140101\20140101\A1\000002\67\78\69\EP-2677869-A1.xml | DID not created
uploaded_files\A1\A1\000002\95\85\57\EP-2958557-A1.xml | DID not created
uploaded_files\A1\A1\000002\95\85\62\EP-2958562-A1.xml | DID not created
uploaded_files\A1\A1\000002\95\85\74\EP-2958574-A1.xml | DID not created
uploaded_files\A1\A1\000002\95\85\75\EP-2958575-A1.xml | DID not created
uploaded_files\A1\A1\000002\95\85\79\EP-2958579-A1.xml | DID not created
uploaded_files\20140101\20140101\A1\000002\67\78\69\EP-2677869-A1.xml | DID not created
uploaded_files\20140101\20140101\A1\000002\67\80\18\EP-2678018-A1.xml | DID not created
uploaded_files\20140101\20140101\A1\000002\67\80\38\EP-2678038-A1.xml | DID not created
uploaded_files\20140101\20140101\A1\000002\67\82\89\EP-2678289-A1.xml | DID not created
uploaded_files\20140101\20140101\A1\000002\67\83\17\EP-2678317-A1.xml | DID not created
uploaded_files\20140101\20140101\A1\000002\67\83\18\EP-2678318-A1.xml | DID not created
uploaded_files\20140101\20140101\A1\000002\67\83\27\EP-2678327-A1.xml | DID not created
uploaded_files\20140101\20140101\A1\000002\67\83\29\EP-2678329-A1.xml | DID not created
uploaded_files\20140101\20140101\A1\000002\67\83\34\EP-2678334-A1.xml | DID not created
uploaded_files\20140101\20140101\A1\000002\67\83\36\EP-2678336-A1.xml | DID not created
uploaded_files\20140101\20140101\A1\000002\67\83\38\EP-2678338-A1.xml | DID not created
uploaded_files\20140101\20140101\A1\000002\67\83\41\EP-2678341-A1.xml | DID not created
uploaded_files\20140101\20140101\A1\000002\67\83\42\EP-2678342-A1.xml | DID not created
uploaded_files\20140101\20140101\A1\000002\67\83\49\EP-2678349-A1.xml | DID not created
uploaded_files\20140101\20140101\A1\000002\67\83\52\EP-2678352-A1.xml | DID not created
uploaded_files\20140101\20140101\A1\000002\67\84\10\EP-2678410-A1.xml | DID not created
uploaded_files\20140101\20140101\A1\000002\67\84\20\EP-2678420-A1.xml | DID not created
uploaded_files\20140101\20140101\A1\000002\67\84\48\EP-2678448-A1.xml | DID not created
uploaded_files\20140101\20140101\A1\000002\67\84\92\EP-2678492-A1.xml | DID not created
uploaded_files\20140101\20140101\A1\000002\67\86\75\EP-2678675-A1.xml | DID not created
uploaded_files\20140101\20140101\A1\000002\67\87\26\EP-2678726-A1.xml | DID not created
uploaded_files\20140101\20140101\A1\000002\67\88\12\EP-2678812-A1.xml | DID not created
uploaded_files\20140101\20140101\A1\000002\67\91\16\EP-2679116-A1.xml | DID not created
uploaded_files\20140101\20140101\A1\000002\67\93\88\EP-2679388-A1.xml | DID not created
uploaded_files\20140101\20140101\A1\000002\67\95\75\EP-2679575-A1.xml | DID not created
uploaded_files\20140101\20140101\A1\000002\67\95\83\EP-2679583-A1.xml | DID not created
uploaded_files\20140101\20140101\A1\000002\67\95\99\EP-2679599-A1.xml | DID not created
uploaded_files\20140101\20140101\A1\000002\67\96\00\EP-2679600-A1.xml | DID not created
uploaded_files\20140101\20140101\A1\000002\67\96\28\EP-2679628-A1.xml | DID not created
uploaded_files\20140101\20140101\A1\000002\67\96\29\EP-2679629-A1.xml | DID not created
uploaded_files\20140101\20140101\A1\000002\67\96\45\EP-2679645-A1.xml | DID not created
uploaded_files\20140101\20140101\A1\000002\67\96\78\EP-2679678-A1.xml | DID not created
uploaded_files\20140101\20140101\A1\000002\67\99\95\EP-2679995-A1.xml | DID not created
uploaded_files\20140101\20140101\A1\000002\67\99\96\EP-2679996-A1.xml | DID not created
uploaded_files\20140101\20140101\A1\000002\68\01\59\EP-2680159-A1.xml | DID not created
uploaded_files\20140101\20140101\A1\000002\68\01\60\EP-2680160-A1.xml | DID not created
uploaded_files\20140101\20140101\A1\000002\68\01\61\EP-2680161-A1.xml | DID not created
uploaded_files\20140101\20140101\A1\000002\68\01\62\EP-2680162-A1.xml | DID not created
uploaded_files\20140101\20140101\A1\000002\68\02\36\EP-2680236-A1.xml | DID not created
uploaded_files\20140101\20140101\A1\000002\68\04\46\EP-2680446-A1.xml | DID not created
uploaded_files\20140101\20140101\A1\000002\68\04\47\EP-2680447-A1.xml | DID not created
uploaded_files\20140101\20140101\A1\000002\68\04\48\EP-2680448-A1.xml | DID not created
uploaded_files\20140101\20140101\A1\000002\68\04\73\EP-2680473-A1.xml | DID not created
uploaded_files\20140101\20140101\A1\000002\68\04\88\EP-2680488-A1.xml | DID not created
uploaded_files\A1\A1\000002\95\85\57\EP-2958557-A1.xml | DID not created
uploaded_files\A1\A1\000002\95\85\62\EP-2958562-A1.xml | DID not created
uploaded_files\20140108\20140108\A1\000002\68\07\54\EP-2680754-A1.xml | DID not created
uploaded_files\20140108\20140108\A1\000002\68\07\54\EP-2680754-A1.xml | DID not created
uploaded_files\20140108\20140108\A1\000002\68\07\54\EP-2680754-A1.xml | DID not created
uploaded_files\20140108\20140108\A1\000002\68\07\54\EP-2680754-A1.xml | DID not created
uploaded_files\20140108\20140108\A1\000002\68\07\54\EP-2680754-A1.xml | DID not created
uploaded_files\20140108\20140108\A1\000002\68\08\75\EP-2680875-A1.xml | DID not created
uploaded_files\20140108\20140108\A1\000002\68\08\80\EP-2680880-A1.xml | DID not created
uploaded_files\20140108\20140108\A1\000002\68\08\81\EP-2680881-A1.xml | DID not created
uploaded_files\20140108\20140108\A1\000002\68\09\25\EP-2680925-A1.xml | DID not created
uploaded_files\20140108\20140108\A1\000002\68\07\54\EP-2680754-A1.xml | DID not created
uploaded_files\20140108\20140108\A1\000002\68\08\75\EP-2680875-A1.xml | DID not created
uploaded_files\20140108\20140108\A1\000002\68\08\80\EP-2680880-A1.xml | DID not created
uploaded_files\20140108\20140108\A1\000002\68\08\81\EP-2680881-A1.xml | DID not created
